{"/Users/nawar/code/Microverse/to-do-list/src/modules/form.js": {"path":"/Users/nawar/code/Microverse/to-do-list/src/modules/form.js","statementMap":{"0":{"start":{"line":1,"column":19},"end":{"line":17,"column":1}},"1":{"start":{"line":2,"column":15},"end":{"line":2,"column":51}},"2":{"start":{"line":3,"column":2},"end":{"line":16,"column":5}},"3":{"start":{"line":4,"column":4},"end":{"line":4,"column":23}},"4":{"start":{"line":5,"column":19},"end":{"line":5,"column":32}},"5":{"start":{"line":6,"column":4},"end":{"line":15,"column":5}},"6":{"start":{"line":7,"column":23},"end":{"line":11,"column":7}},"7":{"start":{"line":12,"column":6},"end":{"line":12,"column":24}},"8":{"start":{"line":13,"column":6},"end":{"line":13,"column":22}},"9":{"start":{"line":14,"column":6},"end":{"line":14,"column":31}}},"fnMap":{"0":{"name":"(anonymous_0)","decl":{"start":{"line":1,"column":19},"end":{"line":1,"column":20}},"loc":{"start":{"line":1,"column":43},"end":{"line":17,"column":1}},"line":1},"1":{"name":"(anonymous_1)","decl":{"start":{"line":3,"column":34},"end":{"line":3,"column":35}},"loc":{"start":{"line":3,"column":41},"end":{"line":16,"column":3}},"line":3}},"branchMap":{"0":{"loc":{"start":{"line":6,"column":4},"end":{"line":15,"column":5}},"type":"if","locations":[{"start":{"line":6,"column":4},"end":{"line":15,"column":5}},{"start":{},"end":{}}],"line":6}},"s":{"0":1,"1":0,"2":0,"3":0,"4":0,"5":0,"6":0,"7":0,"8":0,"9":0},"f":{"0":0,"1":0},"b":{"0":[0,0]},"_coverageSchema":"1a1c01bbd47fc00a2c39e90264f33305004495a9","hash":"5c12f429edcfc8ae0920b80029661ed96eec1cb6"}
,"/Users/nawar/code/Microverse/to-do-list/src/modules/functionalities.js": {"path":"/Users/nawar/code/Microverse/to-do-list/src/modules/functionalities.js","statementMap":{"0":{"start":{"line":1,"column":22},"end":{"line":1,"column":58}},"1":{"start":{"line":2,"column":18},"end":{"line":2,"column":23}},"2":{"start":{"line":4,"column":21},"end":{"line":18,"column":1}},"3":{"start":{"line":5,"column":2},"end":{"line":17,"column":5}},"4":{"start":{"line":6,"column":24},"end":{"line":15,"column":22}},"5":{"start":{"line":16,"column":4},"end":{"line":16,"column":39}},"6":{"start":{"line":20,"column":19},"end":{"line":28,"column":1}},"7":{"start":{"line":21,"column":16},"end":{"line":21,"column":32}},"8":{"start":{"line":22,"column":2},"end":{"line":22,"column":29}},"9":{"start":{"line":23,"column":2},"end":{"line":25,"column":5}},"10":{"start":{"line":24,"column":4},"end":{"line":24,"column":19}},"11":{"start":{"line":26,"column":2},"end":{"line":26,"column":12}},"12":{"start":{"line":27,"column":2},"end":{"line":27,"column":27}},"13":{"start":{"line":30,"column":18},"end":{"line":37,"column":1}},"14":{"start":{"line":31,"column":19},"end":{"line":31,"column":60}},"15":{"start":{"line":32,"column":2},"end":{"line":36,"column":5}},"16":{"start":{"line":33,"column":4},"end":{"line":35,"column":7}},"17":{"start":{"line":34,"column":6},"end":{"line":34,"column":25}},"18":{"start":{"line":39,"column":18},"end":{"line":80,"column":1}},"19":{"start":{"line":40,"column":17},"end":{"line":40,"column":69}},"20":{"start":{"line":41,"column":16},"end":{"line":41,"column":18}},"21":{"start":{"line":43,"column":2},"end":{"line":79,"column":5}},"22":{"start":{"line":44,"column":4},"end":{"line":55,"column":7}},"23":{"start":{"line":45,"column":17},"end":{"line":45,"column":35}},"24":{"start":{"line":46,"column":23},"end":{"line":46,"column":54}},"25":{"start":{"line":47,"column":24},"end":{"line":47,"column":56}},"26":{"start":{"line":48,"column":6},"end":{"line":48,"column":43}},"27":{"start":{"line":49,"column":6},"end":{"line":49,"column":39}},"28":{"start":{"line":50,"column":6},"end":{"line":50,"column":33}},"29":{"start":{"line":51,"column":6},"end":{"line":51,"column":35}},"30":{"start":{"line":52,"column":6},"end":{"line":54,"column":9}},"31":{"start":{"line":53,"column":8},"end":{"line":53,"column":29}},"32":{"start":{"line":57,"column":4},"end":{"line":78,"column":7}},"33":{"start":{"line":58,"column":17},"end":{"line":58,"column":46}},"34":{"start":{"line":59,"column":18},"end":{"line":59,"column":49}},"35":{"start":{"line":60,"column":23},"end":{"line":60,"column":54}},"36":{"start":{"line":61,"column":24},"end":{"line":61,"column":56}},"37":{"start":{"line":62,"column":6},"end":{"line":62,"column":40}},"38":{"start":{"line":63,"column":6},"end":{"line":63,"column":42}},"39":{"start":{"line":64,"column":6},"end":{"line":64,"column":37}},"40":{"start":{"line":65,"column":6},"end":{"line":65,"column":38}},"41":{"start":{"line":66,"column":20},"end":{"line":66,"column":43}},"42":{"start":{"line":67,"column":6},"end":{"line":74,"column":7}},"43":{"start":{"line":68,"column":8},"end":{"line":71,"column":9}},"44":{"start":{"line":69,"column":10},"end":{"line":69,"column":52}},"45":{"start":{"line":70,"column":10},"end":{"line":70,"column":20}},"46":{"start":{"line":73,"column":8},"end":{"line":73,"column":42}},"47":{"start":{"line":76,"column":6},"end":{"line":76,"column":19}},"48":{"start":{"line":77,"column":6},"end":{"line":77,"column":26}}},"fnMap":{"0":{"name":"(anonymous_0)","decl":{"start":{"line":4,"column":21},"end":{"line":4,"column":22}},"loc":{"start":{"line":4,"column":43},"end":{"line":18,"column":1}},"line":4},"1":{"name":"(anonymous_1)","decl":{"start":{"line":5,"column":16},"end":{"line":5,"column":17}},"loc":{"start":{"line":5,"column":26},"end":{"line":17,"column":3}},"line":5},"2":{"name":"(anonymous_2)","decl":{"start":{"line":20,"column":19},"end":{"line":20,"column":20}},"loc":{"start":{"line":20,"column":47},"end":{"line":28,"column":1}},"line":20},"3":{"name":"(anonymous_3)","decl":{"start":{"line":23,"column":20},"end":{"line":23,"column":21}},"loc":{"start":{"line":23,"column":33},"end":{"line":25,"column":3}},"line":23},"4":{"name":"(anonymous_4)","decl":{"start":{"line":30,"column":18},"end":{"line":30,"column":19}},"loc":{"start":{"line":30,"column":24},"end":{"line":37,"column":1}},"line":30},"5":{"name":"(anonymous_5)","decl":{"start":{"line":32,"column":19},"end":{"line":32,"column":20}},"loc":{"start":{"line":32,"column":32},"end":{"line":36,"column":3}},"line":32},"6":{"name":"(anonymous_6)","decl":{"start":{"line":33,"column":42},"end":{"line":33,"column":43}},"loc":{"start":{"line":33,"column":48},"end":{"line":35,"column":5}},"line":33},"7":{"name":"(anonymous_7)","decl":{"start":{"line":39,"column":18},"end":{"line":39,"column":19}},"loc":{"start":{"line":39,"column":38},"end":{"line":80,"column":1}},"line":39},"8":{"name":"(anonymous_8)","decl":{"start":{"line":43,"column":17},"end":{"line":43,"column":18}},"loc":{"start":{"line":43,"column":27},"end":{"line":79,"column":3}},"line":43},"9":{"name":"(anonymous_9)","decl":{"start":{"line":44,"column":37},"end":{"line":44,"column":38}},"loc":{"start":{"line":44,"column":43},"end":{"line":55,"column":5}},"line":44},"10":{"name":"(anonymous_10)","decl":{"start":{"line":52,"column":37},"end":{"line":52,"column":38}},"loc":{"start":{"line":52,"column":43},"end":{"line":54,"column":7}},"line":52},"11":{"name":"(anonymous_11)","decl":{"start":{"line":57,"column":38},"end":{"line":57,"column":39}},"loc":{"start":{"line":57,"column":44},"end":{"line":78,"column":5}},"line":57}},"branchMap":{"0":{"loc":{"start":{"line":67,"column":6},"end":{"line":74,"column":7}},"type":"if","locations":[{"start":{"line":67,"column":6},"end":{"line":74,"column":7}},{"start":{"line":72,"column":13},"end":{"line":74,"column":7}}],"line":67},"1":{"loc":{"start":{"line":68,"column":8},"end":{"line":71,"column":9}},"type":"if","locations":[{"start":{"line":68,"column":8},"end":{"line":71,"column":9}},{"start":{},"end":{}}],"line":68}},"s":{"0":1,"1":1,"2":1,"3":1,"4":1,"5":1,"6":1,"7":1,"8":1,"9":1,"10":0,"11":1,"12":1,"13":1,"14":0,"15":0,"16":0,"17":0,"18":1,"19":0,"20":0,"21":0,"22":0,"23":0,"24":0,"25":0,"26":0,"27":0,"28":0,"29":0,"30":0,"31":0,"32":0,"33":0,"34":0,"35":0,"36":0,"37":0,"38":0,"39":0,"40":0,"41":0,"42":0,"43":0,"44":0,"45":0,"46":0,"47":0,"48":0},"f":{"0":1,"1":1,"2":1,"3":0,"4":0,"5":0,"6":0,"7":0,"8":0,"9":0,"10":0,"11":0},"b":{"0":[0,0],"1":[0,0]},"_coverageSchema":"1a1c01bbd47fc00a2c39e90264f33305004495a9","hash":"21d7868f10bab5bb65fa1e6c5e841786f81f3803"}
,"/Users/nawar/code/Microverse/to-do-list/src/modules/interactives.js": {"path":"/Users/nawar/code/Microverse/to-do-list/src/modules/interactives.js","statementMap":{"0":{"start":{"line":1,"column":26},"end":{"line":11,"column":1}},"1":{"start":{"line":2,"column":22},"end":{"line":2,"column":59}},"2":{"start":{"line":3,"column":2},"end":{"line":10,"column":5}},"3":{"start":{"line":4,"column":4},"end":{"line":4,"column":71}},"4":{"start":{"line":4,"column":45},"end":{"line":4,"column":69}},"5":{"start":{"line":5,"column":4},"end":{"line":7,"column":7}},"6":{"start":{"line":6,"column":6},"end":{"line":6,"column":21}},"7":{"start":{"line":8,"column":4},"end":{"line":8,"column":62}},"8":{"start":{"line":9,"column":4},"end":{"line":9,"column":29}},"9":{"start":{"line":13,"column":22},"end":{"line":31,"column":1}},"10":{"start":{"line":14,"column":21},"end":{"line":14,"column":72}},"11":{"start":{"line":15,"column":2},"end":{"line":30,"column":5}},"12":{"start":{"line":16,"column":4},"end":{"line":29,"column":7}},"13":{"start":{"line":17,"column":24},"end":{"line":17,"column":57}},"14":{"start":{"line":18,"column":20},"end":{"line":18,"column":65}},"15":{"start":{"line":19,"column":20},"end":{"line":19,"column":58}},"16":{"start":{"line":20,"column":6},"end":{"line":28,"column":7}},"17":{"start":{"line":21,"column":8},"end":{"line":21,"column":41}},"18":{"start":{"line":22,"column":8},"end":{"line":22,"column":43}},"19":{"start":{"line":23,"column":8},"end":{"line":23,"column":18}},"20":{"start":{"line":25,"column":8},"end":{"line":25,"column":44}},"21":{"start":{"line":26,"column":8},"end":{"line":26,"column":44}},"22":{"start":{"line":27,"column":8},"end":{"line":27,"column":18}},"23":{"start":{"line":33,"column":23},"end":{"line":44,"column":1}},"24":{"start":{"line":34,"column":21},"end":{"line":34,"column":72}},"25":{"start":{"line":35,"column":2},"end":{"line":43,"column":5}},"26":{"start":{"line":36,"column":18},"end":{"line":36,"column":45}},"27":{"start":{"line":37,"column":22},"end":{"line":37,"column":55}},"28":{"start":{"line":38,"column":18},"end":{"line":38,"column":63}},"29":{"start":{"line":39,"column":4},"end":{"line":42,"column":5}},"30":{"start":{"line":40,"column":6},"end":{"line":40,"column":30}},"31":{"start":{"line":41,"column":6},"end":{"line":41,"column":39}},"32":{"start":{"line":46,"column":17},"end":{"line":52,"column":1}},"33":{"start":{"line":47,"column":21},"end":{"line":47,"column":60}},"34":{"start":{"line":48,"column":2},"end":{"line":51,"column":5}},"35":{"start":{"line":49,"column":4},"end":{"line":49,"column":37}},"36":{"start":{"line":50,"column":4},"end":{"line":50,"column":29}}},"fnMap":{"0":{"name":"(anonymous_0)","decl":{"start":{"line":1,"column":26},"end":{"line":1,"column":27}},"loc":{"start":{"line":1,"column":42},"end":{"line":11,"column":1}},"line":1},"1":{"name":"(anonymous_1)","decl":{"start":{"line":3,"column":40},"end":{"line":3,"column":41}},"loc":{"start":{"line":3,"column":46},"end":{"line":10,"column":3}},"line":3},"2":{"name":"(anonymous_2)","decl":{"start":{"line":4,"column":35},"end":{"line":4,"column":36}},"loc":{"start":{"line":4,"column":45},"end":{"line":4,"column":69}},"line":4},"3":{"name":"(anonymous_3)","decl":{"start":{"line":5,"column":23},"end":{"line":5,"column":24}},"loc":{"start":{"line":5,"column":36},"end":{"line":7,"column":5}},"line":5},"4":{"name":"(anonymous_4)","decl":{"start":{"line":13,"column":22},"end":{"line":13,"column":23}},"loc":{"start":{"line":13,"column":47},"end":{"line":31,"column":1}},"line":13},"5":{"name":"(anonymous_5)","decl":{"start":{"line":15,"column":21},"end":{"line":15,"column":22}},"loc":{"start":{"line":15,"column":35},"end":{"line":30,"column":3}},"line":15},"6":{"name":"(anonymous_6)","decl":{"start":{"line":16,"column":40},"end":{"line":16,"column":41}},"loc":{"start":{"line":16,"column":46},"end":{"line":29,"column":5}},"line":16},"7":{"name":"(anonymous_7)","decl":{"start":{"line":33,"column":23},"end":{"line":33,"column":24}},"loc":{"start":{"line":33,"column":39},"end":{"line":44,"column":1}},"line":33},"8":{"name":"(anonymous_8)","decl":{"start":{"line":35,"column":21},"end":{"line":35,"column":22}},"loc":{"start":{"line":35,"column":35},"end":{"line":43,"column":3}},"line":35},"9":{"name":"(anonymous_9)","decl":{"start":{"line":46,"column":17},"end":{"line":46,"column":18}},"loc":{"start":{"line":46,"column":23},"end":{"line":52,"column":1}},"line":46},"10":{"name":"(anonymous_10)","decl":{"start":{"line":48,"column":39},"end":{"line":48,"column":40}},"loc":{"start":{"line":48,"column":45},"end":{"line":51,"column":3}},"line":48}},"branchMap":{"0":{"loc":{"start":{"line":20,"column":6},"end":{"line":28,"column":7}},"type":"if","locations":[{"start":{"line":20,"column":6},"end":{"line":28,"column":7}},{"start":{"line":24,"column":13},"end":{"line":28,"column":7}}],"line":20},"1":{"loc":{"start":{"line":39,"column":4},"end":{"line":42,"column":5}},"type":"if","locations":[{"start":{"line":39,"column":4},"end":{"line":42,"column":5}},{"start":{},"end":{}}],"line":39}},"s":{"0":1,"1":0,"2":0,"3":0,"4":0,"5":0,"6":0,"7":0,"8":0,"9":1,"10":0,"11":0,"12":0,"13":0,"14":0,"15":0,"16":0,"17":0,"18":0,"19":0,"20":0,"21":0,"22":0,"23":1,"24":0,"25":0,"26":0,"27":0,"28":0,"29":0,"30":0,"31":0,"32":1,"33":0,"34":0,"35":0,"36":0},"f":{"0":0,"1":0,"2":0,"3":0,"4":0,"5":0,"6":0,"7":0,"8":0,"9":0,"10":0},"b":{"0":[0,0],"1":[0,0]},"_coverageSchema":"1a1c01bbd47fc00a2c39e90264f33305004495a9","hash":"baa9a519deaa7ec8b4507a2057670bd969176977"}
,"/Users/nawar/code/Microverse/to-do-list/src/modules/task.js": {"path":"/Users/nawar/code/Microverse/to-do-list/src/modules/task.js","statementMap":{"0":{"start":{"line":15,"column":22},"end":{"line":15,"column":58}},"1":{"start":{"line":19,"column":4},"end":{"line":19,"column":69}},"2":{"start":{"line":22,"column":11},"end":{"line":37,"column":3}},"3":{"start":{"line":23,"column":4},"end":{"line":23,"column":39}},"4":{"start":{"line":25,"column":4},"end":{"line":25,"column":43}},"5":{"start":{"line":27,"column":4},"end":{"line":27,"column":39}},"6":{"start":{"line":28,"column":4},"end":{"line":28,"column":41}},"7":{"start":{"line":30,"column":4},"end":{"line":30,"column":35}},"8":{"start":{"line":32,"column":4},"end":{"line":32,"column":43}},"9":{"start":{"line":34,"column":4},"end":{"line":34,"column":37}},"10":{"start":{"line":36,"column":4},"end":{"line":36,"column":12}},"11":{"start":{"line":39,"column":12},"end":{"line":46,"column":3}},"12":{"start":{"line":40,"column":4},"end":{"line":45,"column":5}},"13":{"start":{"line":41,"column":6},"end":{"line":41,"column":32}},"14":{"start":{"line":42,"column":6},"end":{"line":42,"column":68}},"15":{"start":{"line":44,"column":6},"end":{"line":44,"column":68}}},"fnMap":{"0":{"name":"(anonymous_0)","decl":{"start":{"line":18,"column":2},"end":{"line":18,"column":3}},"loc":{"start":{"line":18,"column":16},"end":{"line":20,"column":3}},"line":18},"1":{"name":"(anonymous_1)","decl":{"start":{"line":22,"column":11},"end":{"line":22,"column":12}},"loc":{"start":{"line":22,"column":17},"end":{"line":37,"column":3}},"line":22},"2":{"name":"(anonymous_2)","decl":{"start":{"line":39,"column":12},"end":{"line":39,"column":13}},"loc":{"start":{"line":39,"column":22},"end":{"line":46,"column":3}},"line":39}},"branchMap":{"0":{"loc":{"start":{"line":19,"column":21},"end":{"line":19,"column":68}},"type":"binary-expr","locations":[{"start":{"line":19,"column":21},"end":{"line":19,"column":62}},{"start":{"line":19,"column":66},"end":{"line":19,"column":68}}],"line":19},"1":{"loc":{"start":{"line":40,"column":4},"end":{"line":45,"column":5}},"type":"if","locations":[{"start":{"line":40,"column":4},"end":{"line":45,"column":5}},{"start":{"line":43,"column":11},"end":{"line":45,"column":5}}],"line":40}},"s":{"0":1,"1":1,"2":1,"3":0,"4":0,"5":0,"6":0,"7":0,"8":0,"9":0,"10":0,"11":1,"12":2,"13":1,"14":1,"15":1},"f":{"0":1,"1":0,"2":2},"b":{"0":[1,1],"1":[1,1]},"_coverageSchema":"1a1c01bbd47fc00a2c39e90264f33305004495a9","hash":"accfb695a92b6f67ac8a139e4390ad95cf2a8fbf"}
}
